2024-04-06 22:43:56 Loading main app package /usr/lib/obsidian/obsidian.asar
2024-04-06 22:43:56 Checking for update using Github
2024-04-06 22:44:35 Failed to check for update using Github (net::ERR_TIMED_OUT)
2024-04-06 22:44:35 Checking for update using obsidian.md
2024-04-06 22:44:35 Failed to check for update using obsidian.md (Unexpected end of JSON input)
2024-04-07 18:51:08 Loading main app package /usr/lib/obsidian/obsidian.asar
2024-04-07 18:51:08 Checking for update using Github
2024-04-07 18:51:08 Success.
2024-04-07 18:51:08 Latest version is 1.5.12
2024-04-07 18:51:08 App is up to date.
2024-04-07 19:51:08 Checking for update using Github
2024-04-07 19:51:08 Success.
2024-04-07 19:51:08 Latest version is 1.5.12
2024-04-07 19:51:08 App is up to date.
2024-04-07 20:51:08 Checking for update using Github
2024-04-07 20:51:08 Success.
2024-04-07 20:51:08 Latest version is 1.5.12
2024-04-07 20:51:08 App is up to date.
2024-04-07 21:51:08 Checking for update using Github
2024-04-07 21:51:08 Success.
2024-04-07 21:51:08 Latest version is 1.5.12
2024-04-07 21:51:08 App is up to date.
2024-04-07 22:57:00 Loading main app package /usr/lib/obsidian/obsidian.asar
2024-04-07 22:57:00 Checking for update using Github
2024-04-07 22:57:01 Success.
2024-04-07 22:57:01 Latest version is 1.5.12
2024-04-07 22:57:01 App is up to date.
2024-04-08 19:24:19 Loading main app package /usr/lib/obsidian/obsidian.asar
2024-04-08 19:24:20 Checking for update using Github
2024-04-08 19:24:20 Success.
2024-04-08 19:24:20 Latest version is 1.5.12
2024-04-08 19:24:20 App is up to date.
2024-04-08 20:23:45 Loading main app package /usr/lib/obsidian/obsidian.asar
2024-04-08 20:23:45 Checking for update using Github
2024-04-08 20:23:46 Success.
2024-04-08 20:23:46 Latest version is 1.5.12
2024-04-08 20:23:46 App is up to date.
2024-04-08 23:03:53 Loading main app package /usr/lib/obsidian/obsidian.asar
2024-04-08 23:03:53 Checking for update using Github
2024-04-08 23:03:53 Success.
2024-04-08 23:03:53 Latest version is 1.5.12
2024-04-08 23:03:53 App is up to date.
2024-04-08 23:14:00 Loading main app package /usr/lib/obsidian/obsidian.asar
2024-04-08 23:14:00 Checking for update using Github
2024-04-08 23:14:00 Success.
2024-04-08 23:14:00 Latest version is 1.5.12
2024-04-08 23:14:00 App is up to date.
2024-04-09 18:39:36 Loading main app package /usr/lib/obsidian/obsidian.asar
2024-04-09 18:39:37 Checking for update using Github
2024-04-09 18:39:42 Success.
2024-04-09 18:39:42 Latest version is 1.5.12
2024-04-09 18:39:42 App is up to date.
2024-04-09 18:58:09 Loading main app package /usr/lib/obsidian/obsidian.asar
2024-04-09 18:58:09 Checking for update using Github
2024-04-09 18:58:10 Success.
2024-04-09 18:58:10 Latest version is 1.5.12
2024-04-09 18:58:10 App is up to date.
2024-04-09 19:58:09 Checking for update using Github
2024-04-09 19:58:09 Success.
2024-04-09 19:58:09 Latest version is 1.5.12
2024-04-09 19:58:09 App is up to date.
2024-04-09 20:40:59 Loading main app package /usr/lib/obsidian/obsidian.asar
2024-04-09 20:41:00 Checking for update using Github
2024-04-09 20:41:00 Success.
2024-04-09 20:41:00 Latest version is 1.5.12
2024-04-09 20:41:00 App is up to date.
2024-04-09 21:10:34 Loading main app package /usr/lib/obsidian/obsidian.asar
2024-04-09 21:10:34 Checking for update using Github
2024-04-09 21:10:34 Success.
2024-04-09 21:10:34 Latest version is 1.5.12
2024-04-09 21:10:34 App is up to date.
2024-04-09 21:19:42 Loading main app package /usr/lib/obsidian/obsidian.asar
2024-04-09 21:19:43 Checking for update using Github
2024-04-09 21:19:43 Success.
2024-04-09 21:19:43 Latest version is 1.5.12
2024-04-09 21:19:43 App is up to date.
2024-04-09 21:30:39 Loading main app package /usr/lib/obsidian/obsidian.asar
2024-04-09 21:30:39 Checking for update using Github
2024-04-09 21:37:17 Loading main app package /usr/lib/obsidian/obsidian.asar
2024-04-09 21:37:17 Checking for update using Github
2024-04-09 21:37:17 Success.
2024-04-09 21:37:17 Latest version is 1.5.12
2024-04-09 21:37:17 App is up to date.
2024-04-09 21:43:44 Loading main app package /usr/lib/obsidian/obsidian.asar
2024-04-09 21:43:44 Checking for update using Github
2024-04-09 21:43:44 Success.
2024-04-09 21:43:44 Latest version is 1.5.12
2024-04-09 21:43:44 App is up to date.
2024-04-09 21:51:40 Loading main app package /usr/lib/obsidian/obsidian.asar
2024-04-09 21:51:40 Checking for update using Github
2024-04-09 21:51:41 Success.
2024-04-09 21:51:41 Latest version is 1.5.12
2024-04-09 21:51:41 App is up to date.
2024-04-09 21:52:44 Loading main app package /usr/lib/obsidian/obsidian.asar
2024-04-09 21:52:44 Checking for update using Github
2024-04-09 21:52:44 Success.
2024-04-09 21:52:44 Latest version is 1.5.12
2024-04-09 21:52:44 App is up to date.
2024-04-09 21:56:59 Loading main app package /usr/lib/obsidian/obsidian.asar
2024-04-09 21:56:59 Checking for update using Github
2024-04-09 21:56:59 Success.
2024-04-09 21:56:59 Latest version is 1.5.12
2024-04-09 21:56:59 App is up to date.
2024-04-09 21:57:41 Loading main app package /usr/lib/obsidian/obsidian.asar
2024-04-09 21:57:41 Checking for update using Github
2024-04-09 21:57:41 Success.
2024-04-09 21:57:41 Latest version is 1.5.12
2024-04-09 21:57:41 App is up to date.
2024-04-10 18:23:34 Loading main app package /usr/lib/obsidian/obsidian.asar
2024-04-10 18:23:35 Checking for update using Github
2024-04-10 18:23:35 Success.
2024-04-10 18:23:35 Latest version is 1.5.12
2024-04-10 18:23:35 App is up to date.
2024-04-10 19:23:35 Checking for update using Github
2024-04-10 19:23:35 Success.
2024-04-10 19:23:35 Latest version is 1.5.12
2024-04-10 19:23:35 App is up to date.
2024-04-17 23:57:47 Loading main app package /usr/lib/obsidian/obsidian.asar
2024-04-17 23:57:47 Checking for update using Github
2024-04-17 23:57:47 Success.
2024-04-17 23:57:47 Latest version is 1.5.12
2024-04-17 23:57:47 App is up to date.
2024-04-18 13:49:29 Loading main app package /usr/lib/obsidian/obsidian.asar
2024-04-18 13:49:29 Checking for update using Github
2024-04-18 13:49:30 Success.
2024-04-18 13:49:30 Latest version is 1.5.12
2024-04-18 13:49:30 App is up to date.
2024-04-18 14:49:29 Checking for update using Github
2024-04-18 14:49:35 Success.
2024-04-18 14:49:35 Latest version is 1.5.12
2024-04-18 14:49:35 App is up to date.
2024-04-18 15:49:29 Checking for update using Github
2024-04-18 15:49:29 Success.
2024-04-18 15:49:29 Latest version is 1.5.12
2024-04-18 15:49:29 App is up to date.
2024-04-18 21:27:14 Loading main app package /usr/lib/obsidian/obsidian.asar
2024-04-18 21:27:15 Checking for update using Github
2024-04-18 21:27:15 Success.
2024-04-18 21:27:15 Latest version is 1.5.12
2024-04-18 21:27:15 App is up to date.
2024-04-18 22:27:14 Checking for update using Github
2024-04-18 22:27:14 Success.
2024-04-18 22:27:14 Latest version is 1.5.12
2024-04-18 22:27:14 App is up to date.
2024-04-19 09:30:24 Loading main app package /usr/lib/obsidian/obsidian.asar
2024-04-19 09:30:24 Checking for update using Github
2024-04-19 09:30:24 Success.
2024-04-19 09:30:24 Latest version is 1.5.12
2024-04-19 09:30:24 App is up to date.
2024-04-28 20:41:03 Loading main app package /usr/lib/obsidian/obsidian.asar
2024-04-28 20:41:04 Checking for update using Github
2024-04-28 20:41:04 Success.
2024-04-28 20:41:04 Latest version is 1.5.12
2024-04-28 20:41:04 App is up to date.
2024-05-10 22:56:04 Loading main app package /usr/lib/obsidian/obsidian.asar
2024-05-10 22:56:04 Checking for update using Github
2024-05-10 22:56:04 Success.
2024-05-10 22:56:04 Latest version is 1.5.12
2024-05-10 22:56:04 App is up to date.
